<?xml version="1.0" encoding="UTF-8"?>
<testng-results ignored="0" total="1" passed="1" failed="0" skipped="0">
  <reporter-output>
  </reporter-output>
  <suite started-at="2023-03-21T21:12:43 IST" name="Default suite" finished-at="2023-03-21T21:13:28 IST" duration-ms="45288">
    <groups>
    </groups>
    <test started-at="2023-03-21T21:12:43 IST" name="Default test" finished-at="2023-03-21T21:13:28 IST" duration-ms="45288">
      <class name="TestCases.BorrowCalculatorNagativeTest">
        <test-method is-config="true" signature="setup()[pri:0, instance:TestCases.BorrowCalculatorNagativeTest@73e22a3d]" started-at="2023-03-21T21:12:43 IST" name="setup" finished-at="2023-03-21T21:12:45 IST" duration-ms="1897" status="PASS">
          <reporter-output>
          </reporter-output>
        </test-method> <!-- setup -->
        <test-method signature="testErrorMessage()[pri:0, instance:TestCases.BorrowCalculatorNagativeTest@73e22a3d]" started-at="2023-03-21T21:12:45 IST" name="testErrorMessage" finished-at="2023-03-21T21:13:28 IST" duration-ms="43232" status="PASS">
          <reporter-output>
          </reporter-output>
        </test-method> <!-- testErrorMessage -->
        <test-method is-config="true" signature="deleteCookiesAndcloseBrowser()[pri:0, instance:TestCases.BorrowCalculatorNagativeTest@73e22a3d]" started-at="2023-03-21T21:13:28 IST" name="deleteCookiesAndcloseBrowser" finished-at="2023-03-21T21:13:28 IST" duration-ms="127" status="PASS">
          <reporter-output>
          </reporter-output>
        </test-method> <!-- deleteCookiesAndcloseBrowser -->
      </class> <!-- TestCases.BorrowCalculatorNagativeTest -->
    </test> <!-- Default test -->
  </suite> <!-- Default suite -->
</testng-results>
